<?xml version="1.0" encoding="UTF-8"?>
<testsuite name="com.example.demo.LoadBalancerTest" tests="6" skipped="0" failures="0" errors="0" timestamp="2025-09-03T11:57:23.209Z" hostname="LT4112338256" time="0.106">
  <properties/>
  <testcase name="shouldRegisterNoMoreThanSizeLimitItems()" classname="com.example.demo.LoadBalancerTest" time="0.01"/>
  <testcase name="shouldNotUnregisterItemTwice()" classname="com.example.demo.LoadBalancerTest" time="0.001"/>
  <testcase name="shouldRegisterItem()" classname="com.example.demo.LoadBalancerTest" time="0.0"/>
  <testcase name="shouldUnregisterItem()" classname="com.example.demo.LoadBalancerTest" time="0.001"/>
  <testcase name="shouldCycleThroughItems()" classname="com.example.demo.LoadBalancerTest" time="0.001"/>
  <testcase name="concurrencyTest()" classname="com.example.demo.LoadBalancerTest" time="0.093"/>
  <system-out><![CDATA[]]></system-out>
  <system-err><![CDATA[]]></system-err>
</testsuite>
